clientAligment.exe: 00001514: 10:46:06 [TUniServerModule]:Server First Init.
clientAligment.exe: 00001514: 10:46:07 [TUniServerModule]:Erasing Cache Folder...
clientAligment.exe: 00001514: 10:46:07 [TUniServerModule]:Cache Folder Erased. <24> Files deleted.
clientAligment.exe: 00001514: 10:46:07 [TUniServerModule]:HTTP Server Started. Port: 8077
clientAligment.exe: 00001460: 10:55:49 [TUniServerModule]:Server First Init.
clientAligment.exe: 00001460: 10:55:49 [TUniServerModule]:Erasing Cache Folder...
clientAligment.exe: 00001460: 10:55:49 [TUniServerModule]:Cache Folder Erased. <36> Files deleted.
clientAligment.exe: 00001460: 10:55:49 [TUniServerModule]:HTTP Server Started. Port: 8077
clientAligment.exe: 0000132C: 10:55:52 [127.0.0.1]:EUniSessionException : Invalid session or session Timeout. : Addr: $00766223
clientAligment.exe: 000011C8: 10:57:07 [TUniServerModule]:Server First Init.
clientAligment.exe: 000011C8: 10:57:07 [TUniServerModule]:Erasing Cache Folder...
clientAligment.exe: 000011C8: 10:57:07 [TUniServerModule]:Cache Folder Erased. <26> Files deleted.
clientAligment.exe: 000011C8: 10:57:07 [TUniServerModule]:HTTP Server Started. Port: 8077
clientAligment.exe: 00001174: 10:57:15 [127.0.0.1]:EUniSessionException : Invalid session or session Timeout. : Addr: $00766223
clientAligment.exe: 00001774: 10:57:46 [TUniServerModule]:Server First Init.
clientAligment.exe: 00001774: 10:57:46 [TUniServerModule]:Erasing Cache Folder...
clientAligment.exe: 00001774: 10:57:46 [TUniServerModule]:Cache Folder Erased. <26> Files deleted.
clientAligment.exe: 00001774: 10:57:46 [TUniServerModule]:HTTP Server Started. Port: 8077
clientAligment.exe: 00000F78: 10:57:47 [127.0.0.1]:EUniSessionException : Invalid session or session Timeout. : Addr: $00766223
clientAligment.exe: 000005E4: 10:59:08 [TUniServerModule]:Server First Init.
clientAligment.exe: 000005E4: 10:59:08 [TUniServerModule]:Erasing Cache Folder...
clientAligment.exe: 000005E4: 10:59:09 [TUniServerModule]:Cache Folder Erased. <26> Files deleted.
clientAligment.exe: 000005E4: 10:59:09 [TUniServerModule]:HTTP Server Started. Port: 8077
clientAligment.exe: 00000F74: 10:59:10 [127.0.0.1]:EUniSessionException : Invalid session or session Timeout. : Addr: $00766223
clientAligment.exe: 00000A14: 11:02:43 [TUniServerModule]:Server First Init.
clientAligment.exe: 00000A14: 11:02:43 [TUniServerModule]:Erasing Cache Folder...
clientAligment.exe: 00000A14: 11:02:43 [TUniServerModule]:Cache Folder Erased. <26> Files deleted.
clientAligment.exe: 00000A14: 11:02:43 [TUniServerModule]:HTTP Server Started. Port: 8077
clientAligment.exe: 0000115C: 11:02:52 [127.0.0.1]:EUniSessionException : Invalid session or session Timeout. : Addr: $00766223
clientAligment.exe: 0000253C: 13:02:06 [TUniServerModule]:Server First Init.
clientAligment.exe: 0000253C: 13:02:06 [TUniServerModule]:Erasing Cache Folder...
clientAligment.exe: 0000253C: 13:02:06 [TUniServerModule]:Cache Folder Erased. <14> Files deleted.
clientAligment.exe: 0000253C: 13:02:07 [TUniServerModule]:HTTP Server Started. Port: 8077
clientAligment.exe: 000026F0: 13:02:08 [127.0.0.1]:EUniSessionException : Invalid session or session Timeout. : Addr: $00766223
clientAligment.exe: 0000032C: 13:03:29 [TUniServerModule]:Server First Init.
clientAligment.exe: 0000032C: 13:03:29 [TUniServerModule]:Erasing Cache Folder...
clientAligment.exe: 0000032C: 13:03:29 [TUniServerModule]:Cache Folder Erased. <28> Files deleted.
clientAligment.exe: 0000032C: 13:03:29 [TUniServerModule]:HTTP Server Started. Port: 8077
clientAligment.exe: 00000540: 13:03:32 [127.0.0.1]:EUniSessionException : Invalid session or session Timeout. : Addr: $00766223
clientAligment.exe: 000027B4: 13:04:04 [TUniServerModule]:Server First Init.
clientAligment.exe: 000027B4: 13:04:04 [TUniServerModule]:Erasing Cache Folder...
clientAligment.exe: 000027B4: 13:04:04 [TUniServerModule]:Cache Folder Erased. <28> Files deleted.
clientAligment.exe: 000027B4: 13:04:04 [TUniServerModule]:HTTP Server Started. Port: 8077
clientAligment.exe: 00000E5C: 13:04:09 [127.0.0.1]:EUniSessionException : Invalid session or session Timeout. : Addr: $00766223
clientAligment.exe: 00001334: 13:04:48 [TUniServerModule]:Server First Init.
clientAligment.exe: 00001334: 13:04:48 [TUniServerModule]:Erasing Cache Folder...
clientAligment.exe: 00001334: 13:04:48 [TUniServerModule]:Cache Folder Erased. <28> Files deleted.
clientAligment.exe: 00001334: 13:04:48 [TUniServerModule]:HTTP Server Started. Port: 8077
clientAligment.exe: 000024F0: 13:05:22 [127.0.0.1]:EUniSessionException : Invalid session or session Timeout. : Addr: $00766223
clientAligment.exe: 000027E8: 13:05:58 [TUniServerModule]:Server First Init.
clientAligment.exe: 000027E8: 13:05:58 [TUniServerModule]:Erasing Cache Folder...
clientAligment.exe: 000027E8: 13:05:58 [TUniServerModule]:Cache Folder Erased. <28> Files deleted.
clientAligment.exe: 000027E8: 13:05:59 [TUniServerModule]:HTTP Server Started. Port: 8077
clientAligment.exe: 00000454: 13:06:08 [127.0.0.1]:EUniSessionException : Invalid session or session Timeout. : Addr: $00766223
clientAligment.exe: 00001A38: 13:08:27 [TUniServerModule]:Server First Init.
clientAligment.exe: 00001A38: 13:08:27 [TUniServerModule]:Erasing Cache Folder...
clientAligment.exe: 00001A38: 13:08:27 [TUniServerModule]:Cache Folder Erased. <28> Files deleted.
clientAligment.exe: 00001A38: 13:08:27 [TUniServerModule]:HTTP Server Started. Port: 8077
clientAligment.exe: 00002660: 13:10:03 [127.0.0.1]:EUniSessionException : Invalid session or session Timeout. : Addr: $00766223
clientAligment.exe: 00002044: 19:09:59 [TUniServerModule]:Server First Init.
clientAligment.exe: 00002044: 19:09:59 [TUniServerModule]:Erasing Cache Folder...
clientAligment.exe: 00002044: 19:09:59 [TUniServerModule]:Cache Folder Erased. <28> Files deleted.
clientAligment.exe: 00002044: 19:09:59 [TUniServerModule]:HTTP Server Started. Port: 8077
clientAligment.exe: 00001CD0: 19:10:05 [127.0.0.1]:EUniSessionException : Invalid session or session Timeout. : Addr: $00766223
clientAligment.exe: 00002570: 19:11:24 [TUniServerModule]:Server First Init.
clientAligment.exe: 00002570: 19:11:24 [TUniServerModule]:Erasing Cache Folder...
clientAligment.exe: 00002570: 19:11:24 [TUniServerModule]:Cache Folder Erased. <28> Files deleted.
clientAligment.exe: 00002570: 19:11:24 [TUniServerModule]:HTTP Server Started. Port: 8077
clientAligment.exe: 000022D8: 19:11:57 [127.0.0.1]:EUniSessionException : Invalid session or session Timeout. : Addr: $00766223
clientAligment.exe: 00001FF0: 19:12:21 [TUniServerModule]:Server First Init.
clientAligment.exe: 00001FF0: 19:12:21 [TUniServerModule]:Erasing Cache Folder...
clientAligment.exe: 00001FF0: 19:12:22 [TUniServerModule]:Cache Folder Erased. <28> Files deleted.
clientAligment.exe: 00001FF0: 19:12:22 [TUniServerModule]:HTTP Server Started. Port: 8077
clientAligment.exe: 00002590: 19:12:23 [127.0.0.1]:EUniSessionException : Invalid session or session Timeout. : Addr: $00766223
clientAligment.exe: 0000100C: 19:13:42 [TUniServerModule]:Server First Init.
clientAligment.exe: 0000100C: 19:13:42 [TUniServerModule]:Erasing Cache Folder...
clientAligment.exe: 0000100C: 19:13:42 [TUniServerModule]:Cache Folder Erased. <28> Files deleted.
clientAligment.exe: 0000100C: 19:13:42 [TUniServerModule]:HTTP Server Started. Port: 8077
clientAligment.exe: 00000E28: 19:13:43 [127.0.0.1]:EUniSessionException : Invalid session or session Timeout. : Addr: $00766223
clientAligment.exe: 0000273C: 19:14:18 [TUniServerModule]:Server First Init.
clientAligment.exe: 0000273C: 19:14:18 [TUniServerModule]:Erasing Cache Folder...
clientAligment.exe: 0000273C: 19:14:18 [TUniServerModule]:Cache Folder Erased. <28> Files deleted.
clientAligment.exe: 0000273C: 19:14:19 [TUniServerModule]:HTTP Server Started. Port: 8077
clientAligment.exe: 00002324: 19:14:20 [127.0.0.1]:EUniSessionException : Invalid session or session Timeout. : Addr: $00766223
clientAligment.exe: 00001614: 19:14:48 [TUniServerModule]:Server First Init.
clientAligment.exe: 00001614: 19:14:48 [TUniServerModule]:Erasing Cache Folder...
clientAligment.exe: 00001614: 19:14:48 [TUniServerModule]:Cache Folder Erased. <28> Files deleted.
clientAligment.exe: 00001614: 19:14:49 [TUniServerModule]:HTTP Server Started. Port: 8077
clientAligment.exe: 00002074: 19:14:54 [127.0.0.1]:EUniSessionException : Invalid session or session Timeout. : Addr: $00766223
clientAligment.exe: 0000240C: 19:15:31 [TUniServerModule]:Server First Init.
clientAligment.exe: 0000240C: 19:15:31 [TUniServerModule]:Erasing Cache Folder...
clientAligment.exe: 0000240C: 19:15:31 [TUniServerModule]:Cache Folder Erased. <28> Files deleted.
clientAligment.exe: 0000240C: 19:15:31 [TUniServerModule]:HTTP Server Started. Port: 8077
clientAligment.exe: 00001464: 19:15:39 [127.0.0.1]:EUniSessionException : Invalid session or session Timeout. : Addr: $00766223
clientAligment.exe: 00000A50: 19:16:42 [TUniServerModule]:Server First Init.
clientAligment.exe: 00000A50: 19:16:42 [TUniServerModule]:Erasing Cache Folder...
clientAligment.exe: 00000A50: 19:16:42 [TUniServerModule]:Cache Folder Erased. <28> Files deleted.
clientAligment.exe: 00000A50: 19:16:43 [TUniServerModule]:HTTP Server Started. Port: 8077
clientAligment.exe: 0000247C: 19:16:44 [127.0.0.1]:EUniSessionException : Invalid session or session Timeout. : Addr: $00766223
clientAligment.exe: 00002794: 19:18:01 [TUniServerModule]:Server First Init.
clientAligment.exe: 00002794: 19:18:01 [TUniServerModule]:Erasing Cache Folder...
clientAligment.exe: 00002794: 19:18:01 [TUniServerModule]:Cache Folder Erased. <28> Files deleted.
clientAligment.exe: 00002794: 19:18:01 [TUniServerModule]:HTTP Server Started. Port: 8077
clientAligment.exe: 000019D8: 19:18:50 [127.0.0.1]:EUniSessionException : Invalid session or session Timeout. : Addr: $00766223
clientAligment.exe: 000027D8: 19:19:24 [TUniServerModule]:Server First Init.
clientAligment.exe: 000027D8: 19:19:24 [TUniServerModule]:Erasing Cache Folder...
clientAligment.exe: 000027D8: 19:19:24 [TUniServerModule]:Cache Folder Erased. <28> Files deleted.
clientAligment.exe: 000027D8: 19:19:24 [TUniServerModule]:HTTP Server Started. Port: 8077
clientAligment.exe: 0000156C: 19:19:42 [127.0.0.1]:EUniSessionException : Invalid session or session Timeout. : Addr: $00766223
clientAligment.exe: 00000AB0: 19:21:26 [TUniServerModule]:Server First Init.
clientAligment.exe: 00000AB0: 19:21:26 [TUniServerModule]:Erasing Cache Folder...
clientAligment.exe: 00000AB0: 19:21:26 [TUniServerModule]:Cache Folder Erased. <28> Files deleted.
clientAligment.exe: 00000AB0: 19:21:26 [TUniServerModule]:HTTP Server Started. Port: 8077
clientAligment.exe: 000012B0: 19:21:29 [127.0.0.1]:EUniSessionException : Invalid session or session Timeout. : Addr: $00766223
clientAligment.exe: 00001E4C: 19:22:43 [TUniServerModule]:Server First Init.
clientAligment.exe: 00001E4C: 19:22:43 [TUniServerModule]:Erasing Cache Folder...
clientAligment.exe: 00001E4C: 19:22:43 [TUniServerModule]:Cache Folder Erased. <28> Files deleted.
clientAligment.exe: 00001E4C: 19:22:43 [TUniServerModule]:HTTP Server Started. Port: 8077
clientAligment.exe: 00002510: 19:22:49 [127.0.0.1]:EUniSessionException : Invalid session or session Timeout. : Addr: $00766223
clientAligment.exe: 000024EC: 19:23:42 [TUniServerModule]:Server First Init.
clientAligment.exe: 000024EC: 19:23:42 [TUniServerModule]:Erasing Cache Folder...
clientAligment.exe: 000024EC: 19:23:42 [TUniServerModule]:Cache Folder Erased. <28> Files deleted.
clientAligment.exe: 000024EC: 19:23:42 [TUniServerModule]:HTTP Server Started. Port: 8077
clientAligment.exe: 000016F0: 19:23:44 [127.0.0.1]:EUniSessionException : Invalid session or session Timeout. : Addr: $00766223
clientAligment.exe: 000015E4: 19:25:03 [TUniServerModule]:Server First Init.
clientAligment.exe: 000015E4: 19:25:03 [TUniServerModule]:Erasing Cache Folder...
clientAligment.exe: 000015E4: 19:25:03 [TUniServerModule]:Cache Folder Erased. <28> Files deleted.
clientAligment.exe: 000015E4: 19:25:04 [TUniServerModule]:HTTP Server Started. Port: 8077
clientAligment.exe: 00000F28: 19:25:04 [127.0.0.1]:EUniSessionException : Invalid session or session Timeout. : Addr: $00766223
clientAligment.exe: 00002720: 19:25:27 [TUniServerModule]:Server First Init.
clientAligment.exe: 00002720: 19:25:27 [TUniServerModule]:Erasing Cache Folder...
clientAligment.exe: 00002720: 19:25:27 [TUniServerModule]:Cache Folder Erased. <28> Files deleted.
clientAligment.exe: 00002720: 19:25:27 [TUniServerModule]:HTTP Server Started. Port: 8077
clientAligment.exe: 000021C4: 19:25:32 [127.0.0.1]:EUniSessionException : Invalid session or session Timeout. : Addr: $00766223
clientAligment.exe: 000025AC: 19:26:25 [TUniServerModule]:Server First Init.
clientAligment.exe: 000025AC: 19:26:25 [TUniServerModule]:Erasing Cache Folder...
clientAligment.exe: 000025AC: 19:26:25 [TUniServerModule]:Cache Folder Erased. <28> Files deleted.
clientAligment.exe: 000025AC: 19:26:25 [TUniServerModule]:HTTP Server Started. Port: 8077
clientAligment.exe: 000023F0: 19:26:26 [127.0.0.1]:EUniSessionException : Invalid session or session Timeout. : Addr: $00766223
clientAligment.exe: 00001504: 19:32:38 [TUniServerModule]:Server First Init.
clientAligment.exe: 00001504: 19:32:38 [TUniServerModule]:Erasing Cache Folder...
clientAligment.exe: 00001504: 19:32:38 [TUniServerModule]:Cache Folder Erased. <28> Files deleted.
clientAligment.exe: 00001504: 19:32:38 [TUniServerModule]:HTTP Server Started. Port: 8077
clientAligment.exe: 00002464: 19:33:08 [127.0.0.1]:EUniSessionException : Invalid session or session Timeout. : Addr: $00766223
clientAligment.exe: 00002010: 19:35:49 [TUniServerModule]:Server First Init.
clientAligment.exe: 00002010: 19:35:49 [TUniServerModule]:Erasing Cache Folder...
clientAligment.exe: 00002010: 19:35:49 [TUniServerModule]:Cache Folder Erased. <28> Files deleted.
clientAligment.exe: 00002010: 19:35:49 [TUniServerModule]:HTTP Server Started. Port: 8077
clientAligment.exe: 000006A8: 19:35:50 [127.0.0.1]:EUniSessionException : Invalid session or session Timeout. : Addr: $00766223
clientAligment.exe: 00000FC8: 19:54:26 [TUniServerModule]:Server First Init.
clientAligment.exe: 00000FC8: 19:54:26 [TUniServerModule]:Erasing Cache Folder...
clientAligment.exe: 00000FC8: 19:54:26 [TUniServerModule]:Cache Folder Erased. <28> Files deleted.
clientAligment.exe: 00000FC8: 19:54:27 [TUniServerModule]:HTTP Server Started. Port: 8077
clientAligment.exe: 0000246C: 19:54:44 [127.0.0.1]:EUniSessionException : Invalid session or session Timeout. : Addr: $00766223
clientAligment.exe: 00000894: 19:59:52 [TUniServerModule]:Server First Init.
clientAligment.exe: 00000894: 19:59:52 [TUniServerModule]:Erasing Cache Folder...
clientAligment.exe: 00000894: 19:59:52 [TUniServerModule]:Cache Folder Erased. <28> Files deleted.
clientAligment.exe: 00000894: 19:59:52 [TUniServerModule]:HTTP Server Started. Port: 8077
clientAligment.exe: 0000212C: 19:59:54 [127.0.0.1]:EUniSessionException : Invalid session or session Timeout. : Addr: $00766223
clientAligment.exe: 000015A0: 22:47:06 [TUniServerModule]:Server First Init.
clientAligment.exe: 000015A0: 22:47:06 [TUniServerModule]:Erasing Cache Folder...
clientAligment.exe: 000015A0: 22:47:07 [TUniServerModule]:Cache Folder Erased. <14> Files deleted.
clientAligment.exe: 000015A0: 22:47:07 [TUniServerModule]:HTTP Server Started. Port: 8077
clientAligment.exe: 00001EAC: 22:48:11 [TUniServerModule]:Server First Init.
clientAligment.exe: 00001EAC: 22:48:11 [TUniServerModule]:Erasing Cache Folder...
clientAligment.exe: 00001EAC: 22:48:11 [TUniServerModule]:Cache Folder Erased. <28> Files deleted.
clientAligment.exe: 00001EAC: 22:48:11 [TUniServerModule]:HTTP Server Started. Port: 8077
clientAligment.exe: 0000179C: 22:48:14 [127.0.0.1]:EUniSessionException : Invalid session or session Timeout. : Addr: $00766223
clientAligment.exe: 0000196C: 22:48:49 [TUniServerModule]:Server First Init.
clientAligment.exe: 0000196C: 22:48:49 [TUniServerModule]:Erasing Cache Folder...
clientAligment.exe: 0000196C: 22:48:49 [TUniServerModule]:Cache Folder Erased. <28> Files deleted.
clientAligment.exe: 0000196C: 22:48:49 [TUniServerModule]:HTTP Server Started. Port: 8077
clientAligment.exe: 00001220: 22:48:50 [127.0.0.1]:EUniSessionException : Invalid session or session Timeout. : Addr: $00766223
clientAligment.exe: 00001A68: 22:52:18 [TUniServerModule]:Server First Init.
clientAligment.exe: 00001A68: 22:52:18 [TUniServerModule]:Erasing Cache Folder...
clientAligment.exe: 00001A68: 22:52:18 [TUniServerModule]:Cache Folder Erased. <28> Files deleted.
clientAligment.exe: 00001A68: 22:52:18 [TUniServerModule]:HTTP Server Started. Port: 8077
clientAligment.exe: 00001E30: 22:52:20 [127.0.0.1]:EUniSessionException : Invalid session or session Timeout. : Addr: $00766223
clientAligment.exe: 0000182C: 22:52:38 [TUniServerModule]:Server First Init.
clientAligment.exe: 0000182C: 22:52:38 [TUniServerModule]:Erasing Cache Folder...
clientAligment.exe: 0000182C: 22:52:38 [TUniServerModule]:Cache Folder Erased. <28> Files deleted.
clientAligment.exe: 0000182C: 22:52:38 [TUniServerModule]:HTTP Server Started. Port: 8077
clientAligment.exe: 000010DC: 22:52:38 [127.0.0.1]:EUniSessionException : Invalid session or session Timeout. : Addr: $00766223
clientAligment.exe: 00001728: 22:53:01 [TUniServerModule]:Server First Init.
clientAligment.exe: 00001728: 22:53:01 [TUniServerModule]:Erasing Cache Folder...
clientAligment.exe: 00001728: 22:53:01 [TUniServerModule]:Cache Folder Erased. <28> Files deleted.
clientAligment.exe: 00001728: 22:53:01 [TUniServerModule]:HTTP Server Started. Port: 8077
clientAligment.exe: 00000EE4: 22:53:03 [127.0.0.1]:EUniSessionException : Invalid session or session Timeout. : Addr: $00766223
clientAligment.exe: 00000234: 22:53:19 [TUniServerModule]:Server First Init.
clientAligment.exe: 00000234: 22:53:19 [TUniServerModule]:Erasing Cache Folder...
clientAligment.exe: 00000234: 22:53:19 [TUniServerModule]:Cache Folder Erased. <28> Files deleted.
clientAligment.exe: 00000234: 22:53:19 [TUniServerModule]:HTTP Server Started. Port: 8077
clientAligment.exe: 000008B0: 22:53:21 [127.0.0.1]:EUniSessionException : Invalid session or session Timeout. : Addr: $00766223
clientAligment.exe: 00000854: 22:55:06 [TUniServerModule]:Server First Init.
clientAligment.exe: 00000854: 22:55:06 [TUniServerModule]:Erasing Cache Folder...
clientAligment.exe: 00000854: 22:55:06 [TUniServerModule]:Cache Folder Erased. <28> Files deleted.
clientAligment.exe: 00000854: 22:55:06 [TUniServerModule]:HTTP Server Started. Port: 8077
clientAligment.exe: 000015E4: 22:55:08 [127.0.0.1]:EUniSessionException : Invalid session or session Timeout. : Addr: $00766223
clientAligment.exe: 00001B58: 22:55:46 [TUniServerModule]:Server First Init.
clientAligment.exe: 00001B58: 22:55:46 [TUniServerModule]:Erasing Cache Folder...
clientAligment.exe: 00001B58: 22:55:46 [TUniServerModule]:Cache Folder Erased. <28> Files deleted.
clientAligment.exe: 00001B58: 22:55:46 [TUniServerModule]:HTTP Server Started. Port: 8077
clientAligment.exe: 00001AE8: 22:55:48 [127.0.0.1]:EUniSessionException : Invalid session or session Timeout. : Addr: $00766223
clientAligment.exe: 00001B04: 22:56:39 [TUniServerModule]:Server First Init.
clientAligment.exe: 00001B04: 22:56:39 [TUniServerModule]:Erasing Cache Folder...
clientAligment.exe: 00001B04: 22:56:39 [TUniServerModule]:Cache Folder Erased. <28> Files deleted.
clientAligment.exe: 00001B04: 22:56:40 [TUniServerModule]:HTTP Server Started. Port: 8077
clientAligment.exe: 00000644: 22:56:47 [127.0.0.1]:EUniSessionException : Invalid session or session Timeout. : Addr: $00766223
clientAligment.exe: 00001C58: 22:59:05 [TUniServerModule]:Server First Init.
clientAligment.exe: 00001C58: 22:59:05 [TUniServerModule]:Erasing Cache Folder...
clientAligment.exe: 00001C58: 22:59:05 [TUniServerModule]:Cache Folder Erased. <28> Files deleted.
clientAligment.exe: 00001C58: 22:59:05 [TUniServerModule]:HTTP Server Started. Port: 8077
clientAligment.exe: 00001200: 22:59:06 [127.0.0.1]:EUniSessionException : Invalid session or session Timeout. : Addr: $00766223
clientAligment.exe: 00000FEC: 22:59:44 [TUniServerModule]:Server First Init.
clientAligment.exe: 00000FEC: 22:59:44 [TUniServerModule]:Erasing Cache Folder...
clientAligment.exe: 00000FEC: 22:59:45 [TUniServerModule]:Cache Folder Erased. <28> Files deleted.
clientAligment.exe: 00000FEC: 22:59:45 [TUniServerModule]:HTTP Server Started. Port: 8077
clientAligment.exe: 00000D40: 22:59:46 [127.0.0.1]:EUniSessionException : Invalid session or session Timeout. : Addr: $00766223
clientAligment.exe: 00001168: 23:03:19 [TUniServerModule]:Server First Init.
clientAligment.exe: 00001168: 23:03:19 [TUniServerModule]:Erasing Cache Folder...
clientAligment.exe: 00001168: 23:03:19 [TUniServerModule]:Cache Folder Erased. <28> Files deleted.
clientAligment.exe: 00001168: 23:03:19 [TUniServerModule]:HTTP Server Started. Port: 8077
clientAligment.exe: 00000900: 23:03:34 [127.0.0.1]:EUniSessionException : Invalid session or session Timeout. : Addr: $00766223
clientAligment.exe: 00000460: 23:04:25 [TUniServerModule]:Server First Init.
clientAligment.exe: 00000460: 23:04:25 [TUniServerModule]:Erasing Cache Folder...
clientAligment.exe: 00000460: 23:04:25 [TUniServerModule]:Cache Folder Erased. <28> Files deleted.
clientAligment.exe: 00000460: 23:04:25 [TUniServerModule]:HTTP Server Started. Port: 8077
clientAligment.exe: 00001B78: 23:04:26 [127.0.0.1]:EUniSessionException : Invalid session or session Timeout. : Addr: $00766223
clientAligment.exe: 0000149C: 23:05:39 [TUniServerModule]:Server First Init.
clientAligment.exe: 0000149C: 23:05:39 [TUniServerModule]:Erasing Cache Folder...
clientAligment.exe: 0000149C: 23:05:39 [TUniServerModule]:Cache Folder Erased. <28> Files deleted.
clientAligment.exe: 0000149C: 23:05:39 [TUniServerModule]:HTTP Server Started. Port: 8077
clientAligment.exe: 00001E5C: 23:06:18 [TUniServerModule]:Server First Init.
clientAligment.exe: 00001E5C: 23:06:18 [TUniServerModule]:Erasing Cache Folder...
clientAligment.exe: 00001E5C: 23:06:18 [TUniServerModule]:Cache Folder Erased. <28> Files deleted.
clientAligment.exe: 00001E5C: 23:06:18 [TUniServerModule]:HTTP Server Started. Port: 8077
clientAligment.exe: 00001C20: 23:06:43 [127.0.0.1]:EUniSessionException : Invalid session or session Timeout. : Addr: $00766223
clientAligment.exe: 00001220: 23:07:33 [TUniServerModule]:Server First Init.
clientAligment.exe: 00001220: 23:07:33 [TUniServerModule]:Erasing Cache Folder...
clientAligment.exe: 00001220: 23:07:33 [TUniServerModule]:Cache Folder Erased. <28> Files deleted.
clientAligment.exe: 00001220: 23:07:34 [TUniServerModule]:HTTP Server Started. Port: 8077
clientAligment.exe: 00001A74: 23:07:38 [127.0.0.1]:EUniSessionException : Invalid session or session Timeout. : Addr: $00766223
clientAligment.exe: 0000163C: 23:08:18 [TUniServerModule]:Server First Init.
clientAligment.exe: 0000163C: 23:08:18 [TUniServerModule]:Erasing Cache Folder...
clientAligment.exe: 0000163C: 23:08:18 [TUniServerModule]:Cache Folder Erased. <28> Files deleted.
clientAligment.exe: 0000163C: 23:08:18 [TUniServerModule]:HTTP Server Started. Port: 8077
clientAligment.exe: 00000DA0: 23:10:00 [TUniServerModule]:Server First Init.
clientAligment.exe: 00000DA0: 23:10:00 [TUniServerModule]:Erasing Cache Folder...
clientAligment.exe: 00000DA0: 23:10:00 [TUniServerModule]:Cache Folder Erased. <28> Files deleted.
clientAligment.exe: 00000DA0: 23:10:01 [TUniServerModule]:HTTP Server Started. Port: 8077
