clientAligment.exe: 0000232C: 18:12:30 [TUniServerModule]:Server First Init.
clientAligment.exe: 0000232C: 18:12:30 [TUniServerModule]:Erasing Cache Folder...
clientAligment.exe: 0000232C: 18:12:30 [TUniServerModule]:Cache Folder Erased. <19> Files deleted.
clientAligment.exe: 0000232C: 18:12:30 [TUniServerModule]:HTTP Server Started. Port: 8077
clientAligment.exe: 00001E74: 18:13:25 [TUniServerModule]:Server First Init.
clientAligment.exe: 00001E74: 18:13:25 [TUniServerModule]:Erasing Cache Folder...
clientAligment.exe: 00001E74: 18:13:25 [TUniServerModule]:Cache Folder Erased. <39> Files deleted.
clientAligment.exe: 00001E74: 18:13:25 [TUniServerModule]:HTTP Server Started. Port: 8077
clientAligment.exe: 0000250C: 18:13:27 [127.0.0.1]:EUniSessionException : Invalid session or session Timeout. : Addr: $0076644B
clientAligment.exe: 00000BF8: 18:19:28 [TUniServerModule]:Server First Init.
clientAligment.exe: 00000BF8: 18:19:28 [TUniServerModule]:Erasing Cache Folder...
clientAligment.exe: 00000BF8: 18:19:28 [TUniServerModule]:Cache Folder Erased. <39> Files deleted.
clientAligment.exe: 00000BF8: 18:19:28 [TUniServerModule]:HTTP Server Started. Port: 8077
clientAligment.exe: 000025F4: 18:19:30 [127.0.0.1]:EUniSessionException : Invalid session or session Timeout. : Addr: $0076644B
clientAligment.exe: 000027FC: 18:21:23 [TUniServerModule]:Server First Init.
clientAligment.exe: 000027FC: 18:21:23 [TUniServerModule]:Erasing Cache Folder...
clientAligment.exe: 000027FC: 18:21:23 [TUniServerModule]:Cache Folder Erased. <39> Files deleted.
clientAligment.exe: 000027FC: 18:21:24 [TUniServerModule]:HTTP Server Started. Port: 8077
clientAligment.exe: 00001D08: 18:21:24 [127.0.0.1]:EUniSessionException : Invalid session or session Timeout. : Addr: $0076644B
clientAligment.exe: 00001218: 18:24:27 [TUniServerModule]:Server First Init.
clientAligment.exe: 00001218: 18:24:27 [TUniServerModule]:Erasing Cache Folder...
clientAligment.exe: 00001218: 18:24:27 [TUniServerModule]:Cache Folder Erased. <40> Files deleted.
clientAligment.exe: 00001218: 18:24:28 [TUniServerModule]:HTTP Server Started. Port: 8077
clientAligment.exe: 00001EE4: 18:25:36 [TUniServerModule]:Server First Init.
clientAligment.exe: 00001EE4: 18:25:36 [TUniServerModule]:Erasing Cache Folder...
clientAligment.exe: 00001EE4: 18:25:36 [TUniServerModule]:Cache Folder Erased. <39> Files deleted.
clientAligment.exe: 00001EE4: 18:25:36 [TUniServerModule]:HTTP Server Started. Port: 8077
clientAligment.exe: 00001C5C: 18:25:38 [127.0.0.1]:EUniSessionException : Invalid session or session Timeout. : Addr: $0076644B
clientAligment.exe: 00001C5C: 18:26:37 [TUniServerModule]:Server First Init.
clientAligment.exe: 00001C5C: 18:26:37 [TUniServerModule]:Erasing Cache Folder...
clientAligment.exe: 00001C5C: 18:26:37 [TUniServerModule]:Cache Folder Erased. <39> Files deleted.
clientAligment.exe: 00001C5C: 18:26:37 [TUniServerModule]:HTTP Server Started. Port: 8077
clientAligment.exe: 00000308: 18:26:40 [127.0.0.1]:EUniSessionException : Invalid session or session Timeout. : Addr: $0076644B
clientAligment.exe: 0000208C: 18:27:08 [TUniServerModule]:Server First Init.
clientAligment.exe: 0000208C: 18:27:08 [TUniServerModule]:Erasing Cache Folder...
clientAligment.exe: 0000208C: 18:27:08 [TUniServerModule]:Cache Folder Erased. <39> Files deleted.
clientAligment.exe: 0000208C: 18:27:08 [TUniServerModule]:HTTP Server Started. Port: 8077
clientAligment.exe: 00001A34: 18:27:10 [127.0.0.1]:EUniSessionException : Invalid session or session Timeout. : Addr: $0076644B
clientAligment.exe: 000029EC: 18:28:53 [TUniServerModule]:Server First Init.
clientAligment.exe: 000029EC: 18:28:53 [TUniServerModule]:Erasing Cache Folder...
clientAligment.exe: 000029EC: 18:28:53 [TUniServerModule]:Cache Folder Erased. <39> Files deleted.
clientAligment.exe: 000029EC: 18:28:53 [TUniServerModule]:HTTP Server Started. Port: 8077
clientAligment.exe: 00002A28: 18:28:55 [127.0.0.1]:EUniSessionException : Invalid session or session Timeout. : Addr: $0076644B
clientAligment.exe: 00002484: 18:29:51 [TUniServerModule]:Server First Init.
clientAligment.exe: 00002484: 18:29:51 [TUniServerModule]:Erasing Cache Folder...
clientAligment.exe: 00002484: 18:29:51 [TUniServerModule]:Cache Folder Erased. <39> Files deleted.
clientAligment.exe: 00002484: 18:29:51 [TUniServerModule]:HTTP Server Started. Port: 8077
clientAligment.exe: 000028AC: 18:29:53 [127.0.0.1]:EUniSessionException : Invalid session or session Timeout. : Addr: $0076644B
clientAligment.exe: 00002818: 18:31:47 [TUniServerModule]:Server First Init.
clientAligment.exe: 00002818: 18:31:47 [TUniServerModule]:Erasing Cache Folder...
clientAligment.exe: 00002818: 18:31:47 [TUniServerModule]:Cache Folder Erased. <39> Files deleted.
clientAligment.exe: 00002818: 18:31:48 [TUniServerModule]:HTTP Server Started. Port: 8077
clientAligment.exe: 00001F8C: 18:31:49 [127.0.0.1]:EUniSessionException : Invalid session or session Timeout. : Addr: $0076644B
clientAligment.exe: 000023EC: 18:32:18 [TUniServerModule]:Server First Init.
clientAligment.exe: 000023EC: 18:32:18 [TUniServerModule]:Erasing Cache Folder...
clientAligment.exe: 000023EC: 18:32:18 [TUniServerModule]:Cache Folder Erased. <39> Files deleted.
clientAligment.exe: 000023EC: 18:32:18 [TUniServerModule]:HTTP Server Started. Port: 8077
clientAligment.exe: 00002068: 18:32:21 [127.0.0.1]:EUniSessionException : Invalid session or session Timeout. : Addr: $0076644B
clientAligment.exe: 00001E9C: 18:33:21 [TUniServerModule]:Server First Init.
clientAligment.exe: 00001E9C: 18:33:21 [TUniServerModule]:Erasing Cache Folder...
clientAligment.exe: 00001E9C: 18:33:21 [TUniServerModule]:Cache Folder Erased. <39> Files deleted.
clientAligment.exe: 00001E9C: 18:33:21 [TUniServerModule]:HTTP Server Started. Port: 8077
clientAligment.exe: 00002BE4: 18:33:22 [127.0.0.1]:EUniSessionException : Invalid session or session Timeout. : Addr: $0076644B
clientAligment.exe: 000020F8: 18:34:06 [TUniServerModule]:Server First Init.
clientAligment.exe: 000020F8: 18:34:06 [TUniServerModule]:Erasing Cache Folder...
clientAligment.exe: 000020F8: 18:34:06 [TUniServerModule]:Cache Folder Erased. <39> Files deleted.
clientAligment.exe: 000020F8: 18:34:06 [TUniServerModule]:HTTP Server Started. Port: 8077
clientAligment.exe: 00000198: 18:36:43 [TUniServerModule]:Server First Init.
clientAligment.exe: 00000198: 18:36:43 [TUniServerModule]:Erasing Cache Folder...
clientAligment.exe: 00000198: 18:36:43 [TUniServerModule]:Cache Folder Erased. <39> Files deleted.
clientAligment.exe: 00000198: 18:36:43 [TUniServerModule]:HTTP Server Started. Port: 8077
clientAligment.exe: 00002AEC: 18:36:48 [127.0.0.1]:EUniSessionException : Invalid session or session Timeout. : Addr: $0076644B
clientAligment.exe: 0000297C: 18:37:29 [TUniServerModule]:Server First Init.
clientAligment.exe: 0000297C: 18:37:29 [TUniServerModule]:Erasing Cache Folder...
clientAligment.exe: 0000297C: 18:37:29 [TUniServerModule]:Cache Folder Erased. <39> Files deleted.
clientAligment.exe: 0000297C: 18:37:29 [TUniServerModule]:HTTP Server Started. Port: 8077
clientAligment.exe: 000025F0: 18:37:40 [127.0.0.1]:EUniSessionException : Invalid session or session Timeout. : Addr: $0076644B
clientAligment.exe: 00002B8C: 18:42:56 [TUniServerModule]:Server First Init.
clientAligment.exe: 00002B8C: 18:42:56 [TUniServerModule]:Erasing Cache Folder...
clientAligment.exe: 00002B8C: 18:42:56 [TUniServerModule]:Cache Folder Erased. <39> Files deleted.
clientAligment.exe: 00002B8C: 18:42:56 [TUniServerModule]:HTTP Server Started. Port: 8077
clientAligment.exe: 000022F0: 18:42:58 [127.0.0.1]:EUniSessionException : Invalid session or session Timeout. : Addr: $0076644B
clientAligment.exe: 000028D0: 18:44:41 [TUniServerModule]:Server First Init.
clientAligment.exe: 000028D0: 18:44:41 [TUniServerModule]:Erasing Cache Folder...
clientAligment.exe: 000028D0: 18:44:41 [TUniServerModule]:Cache Folder Erased. <39> Files deleted.
clientAligment.exe: 000028D0: 18:44:41 [TUniServerModule]:HTTP Server Started. Port: 8077
clientAligment.exe: 00002234: 18:44:44 [127.0.0.1]:EUniSessionException : Invalid session or session Timeout. : Addr: $0076644B
clientAligment.exe: 00002B48: 18:47:59 [TUniServerModule]:Server First Init.
clientAligment.exe: 00002B48: 18:47:59 [TUniServerModule]:Erasing Cache Folder...
clientAligment.exe: 00002B48: 18:47:59 [TUniServerModule]:Cache Folder Erased. <39> Files deleted.
clientAligment.exe: 00002B48: 18:47:59 [TUniServerModule]:HTTP Server Started. Port: 8077
clientAligment.exe: 00001CF4: 18:48:00 [127.0.0.1]:EUniSessionException : Invalid session or session Timeout. : Addr: $0076644B
clientAligment.exe: 00001E28: 18:48:23 [TUniServerModule]:Server First Init.
clientAligment.exe: 00001E28: 18:48:23 [TUniServerModule]:Erasing Cache Folder...
clientAligment.exe: 00001E28: 18:48:23 [TUniServerModule]:Cache Folder Erased. <41> Files deleted.
clientAligment.exe: 00001E28: 18:48:23 [TUniServerModule]:HTTP Server Started. Port: 8077
clientAligment.exe: 00002578: 18:48:25 [127.0.0.1]:EUniSessionException : Invalid session or session Timeout. : Addr: $0076644B
clientAligment.exe: 00002520: 18:48:54 [TUniServerModule]:Server First Init.
clientAligment.exe: 00002520: 18:48:54 [TUniServerModule]:Erasing Cache Folder...
clientAligment.exe: 00002520: 18:48:54 [TUniServerModule]:Cache Folder Erased. <41> Files deleted.
clientAligment.exe: 00002520: 18:48:54 [TUniServerModule]:HTTP Server Started. Port: 8077
clientAligment.exe: 00002A88: 18:48:55 [127.0.0.1]:EUniSessionException : Invalid session or session Timeout. : Addr: $0076644B
clientAligment.exe: 0000249C: 18:49:24 [TUniServerModule]:Server First Init.
clientAligment.exe: 0000249C: 18:49:24 [TUniServerModule]:Erasing Cache Folder...
clientAligment.exe: 0000249C: 18:49:24 [TUniServerModule]:Cache Folder Erased. <41> Files deleted.
clientAligment.exe: 0000249C: 18:49:24 [TUniServerModule]:HTTP Server Started. Port: 8077
clientAligment.exe: 000011F8: 18:49:26 [127.0.0.1]:EUniSessionException : Invalid session or session Timeout. : Addr: $0076644B
clientAligment.exe: 00002768: 18:50:15 [TUniServerModule]:Server First Init.
clientAligment.exe: 00002768: 18:50:15 [TUniServerModule]:Erasing Cache Folder...
clientAligment.exe: 00002768: 18:50:15 [TUniServerModule]:Cache Folder Erased. <42> Files deleted.
clientAligment.exe: 00002768: 18:50:15 [TUniServerModule]:HTTP Server Started. Port: 8077
clientAligment.exe: 00002700: 18:50:18 [127.0.0.1]:EUniSessionException : Invalid session or session Timeout. : Addr: $0076644B
clientAligment.exe: 00000804: 19:24:19 [TUniServerModule]:Server First Init.
clientAligment.exe: 00000804: 19:24:19 [TUniServerModule]:Erasing Cache Folder...
clientAligment.exe: 00000804: 19:24:19 [TUniServerModule]:Cache Folder Erased. <42> Files deleted.
clientAligment.exe: 00000804: 19:24:19 [TUniServerModule]:HTTP Server Started. Port: 8077
clientAligment.exe: 00000B80: 19:24:23 [127.0.0.1]:EUniSessionException : Invalid session or session Timeout. : Addr: $0076644B
clientAligment.exe: 00002B3C: 19:24:53 [TUniServerModule]:Server First Init.
clientAligment.exe: 00002B3C: 19:24:53 [TUniServerModule]:Erasing Cache Folder...
clientAligment.exe: 00002B3C: 19:24:53 [TUniServerModule]:Cache Folder Erased. <41> Files deleted.
clientAligment.exe: 00002B3C: 19:24:53 [TUniServerModule]:HTTP Server Started. Port: 8077
clientAligment.exe: 00000E48: 19:24:54 [127.0.0.1]:EUniSessionException : Invalid session or session Timeout. : Addr: $0076644B
clientAligment.exe: 00002AD8: 19:25:56 [TUniServerModule]:Server First Init.
clientAligment.exe: 00002AD8: 19:25:56 [TUniServerModule]:Erasing Cache Folder...
clientAligment.exe: 00002AD8: 19:25:56 [TUniServerModule]:Cache Folder Erased. <41> Files deleted.
clientAligment.exe: 00002AD8: 19:25:56 [TUniServerModule]:HTTP Server Started. Port: 8077
clientAligment.exe: 000012C4: 19:25:59 [127.0.0.1]:EUniSessionException : Invalid session or session Timeout. : Addr: $0076644B
clientAligment.exe: 00002628: 19:27:25 [TUniServerModule]:Server First Init.
clientAligment.exe: 00002628: 19:27:25 [TUniServerModule]:Erasing Cache Folder...
clientAligment.exe: 00002628: 19:27:25 [TUniServerModule]:Cache Folder Erased. <39> Files deleted.
clientAligment.exe: 00002628: 19:27:25 [TUniServerModule]:HTTP Server Started. Port: 8077
clientAligment.exe: 00002108: 19:27:27 [127.0.0.1]:EUniSessionException : Invalid session or session Timeout. : Addr: $0076644B
clientAligment.exe: 00001308: 19:28:35 [TUniServerModule]:Server First Init.
clientAligment.exe: 00001308: 19:28:35 [TUniServerModule]:Erasing Cache Folder...
clientAligment.exe: 00001308: 19:28:35 [TUniServerModule]:Cache Folder Erased. <41> Files deleted.
clientAligment.exe: 00001308: 19:28:35 [TUniServerModule]:HTTP Server Started. Port: 8077
clientAligment.exe: 00001588: 19:28:38 [127.0.0.1]:EUniSessionException : Invalid session or session Timeout. : Addr: $0076644B
clientAligment.exe: 000029F4: 19:29:38 [TUniServerModule]:Server First Init.
clientAligment.exe: 000029F4: 19:29:38 [TUniServerModule]:Erasing Cache Folder...
clientAligment.exe: 000029F4: 19:29:38 [TUniServerModule]:Cache Folder Erased. <41> Files deleted.
clientAligment.exe: 000029F4: 19:29:38 [TUniServerModule]:HTTP Server Started. Port: 8077
clientAligment.exe: 00002734: 19:35:17 [TUniServerModule]:Server First Init.
clientAligment.exe: 00002734: 19:35:17 [TUniServerModule]:Erasing Cache Folder...
clientAligment.exe: 00002734: 19:35:17 [TUniServerModule]:Cache Folder Erased. <41> Files deleted.
clientAligment.exe: 00002734: 19:35:17 [TUniServerModule]:HTTP Server Started. Port: 8077
clientAligment.exe: 00002FF0: 19:35:22 [127.0.0.1]:EUniSessionException : Invalid session or session Timeout. : Addr: $0076644B
clientAligment.exe: 00002C6C: 19:36:00 [TUniServerModule]:Server First Init.
clientAligment.exe: 00002C6C: 19:36:00 [TUniServerModule]:Erasing Cache Folder...
clientAligment.exe: 00002C6C: 19:36:01 [TUniServerModule]:Cache Folder Erased. <39> Files deleted.
clientAligment.exe: 00002C6C: 19:36:01 [TUniServerModule]:HTTP Server Started. Port: 8077
clientAligment.exe: 00002E4C: 19:36:03 [127.0.0.1]:EUniSessionException : Invalid session or session Timeout. : Addr: $0076644B
clientAligment.exe: 00002D34: 19:37:51 [TUniServerModule]:Server First Init.
clientAligment.exe: 00002D34: 19:37:51 [TUniServerModule]:Erasing Cache Folder...
clientAligment.exe: 00002D34: 19:37:51 [TUniServerModule]:Cache Folder Erased. <39> Files deleted.
clientAligment.exe: 00002D34: 19:37:51 [TUniServerModule]:HTTP Server Started. Port: 8077
clientAligment.exe: 00002E90: 19:37:57 [127.0.0.1]:EUniSessionException : Invalid session or session Timeout. : Addr: $0076644B
clientAligment.exe: 00002B54: 19:39:56 [TUniServerModule]:Server First Init.
clientAligment.exe: 00002B54: 19:39:56 [TUniServerModule]:Erasing Cache Folder...
clientAligment.exe: 00002B54: 19:39:56 [TUniServerModule]:Cache Folder Erased. <39> Files deleted.
clientAligment.exe: 00002B54: 19:39:56 [TUniServerModule]:HTTP Server Started. Port: 8077
clientAligment.exe: 0000191C: 19:40:05 [127.0.0.1]:EUniSessionException : Invalid session or session Timeout. : Addr: $0076644B
clientAligment.exe: 00000E48: 19:41:25 [TUniServerModule]:Server First Init.
clientAligment.exe: 00000E48: 19:41:25 [TUniServerModule]:Erasing Cache Folder...
clientAligment.exe: 00000E48: 19:41:25 [TUniServerModule]:Cache Folder Erased. <41> Files deleted.
clientAligment.exe: 00000E48: 19:41:25 [TUniServerModule]:HTTP Server Started. Port: 8077
clientAligment.exe: 00002EB4: 19:41:26 [127.0.0.1]:EUniSessionException : Invalid session or session Timeout. : Addr: $0076644B
clientAligment.exe: 00002DCC: 19:42:42 [TUniServerModule]:Server First Init.
clientAligment.exe: 00002DCC: 19:42:42 [TUniServerModule]:Erasing Cache Folder...
clientAligment.exe: 00002DCC: 19:42:42 [TUniServerModule]:Cache Folder Erased. <41> Files deleted.
clientAligment.exe: 00002DCC: 19:42:42 [TUniServerModule]:HTTP Server Started. Port: 8077
clientAligment.exe: 00002F34: 19:42:44 [127.0.0.1]:EUniSessionException : Invalid session or session Timeout. : Addr: $0076644B
clientAligment.exe: 00001318: 20:16:29 [TUniServerModule]:Server First Init.
clientAligment.exe: 00001318: 20:16:29 [TUniServerModule]:Erasing Cache Folder...
clientAligment.exe: 00001318: 20:16:29 [TUniServerModule]:Cache Folder Erased. <20> Files deleted.
clientAligment.exe: 00001318: 20:16:29 [TUniServerModule]:HTTP Server Started. Port: 8077
clientAligment.exe: 00001360: 20:16:36 [127.0.0.1]:EUniSessionException : Invalid session or session Timeout. : Addr: $0076644B
clientAligment.exe: 00002D84: 20:17:17 [TUniServerModule]:Server First Init.
clientAligment.exe: 00002D84: 20:17:17 [TUniServerModule]:Erasing Cache Folder...
clientAligment.exe: 00002D84: 20:17:17 [TUniServerModule]:Cache Folder Erased. <41> Files deleted.
clientAligment.exe: 00002D84: 20:17:18 [TUniServerModule]:HTTP Server Started. Port: 8077
clientAligment.exe: 00002A2C: 20:17:20 [127.0.0.1]:EUniSessionException : Invalid session or session Timeout. : Addr: $0076644B
clientAligment.exe: 00000D14: 20:18:12 [TUniServerModule]:Server First Init.
clientAligment.exe: 00000D14: 20:18:12 [TUniServerModule]:Erasing Cache Folder...
clientAligment.exe: 00000D14: 20:18:12 [TUniServerModule]:Cache Folder Erased. <41> Files deleted.
clientAligment.exe: 00000D14: 20:18:12 [TUniServerModule]:HTTP Server Started. Port: 8077
clientAligment.exe: 00002FE8: 20:18:12 [127.0.0.1]:EUniSessionException : Invalid session or session Timeout. : Addr: $0076644B
clientAligment.exe: 00001F7C: 20:19:13 [TUniServerModule]:Server First Init.
clientAligment.exe: 00001F7C: 20:19:13 [TUniServerModule]:Erasing Cache Folder...
clientAligment.exe: 00001F7C: 20:19:13 [TUniServerModule]:Cache Folder Erased. <41> Files deleted.
clientAligment.exe: 00001F7C: 20:19:14 [TUniServerModule]:HTTP Server Started. Port: 8077
clientAligment.exe: 00002DB8: 20:19:16 [127.0.0.1]:EUniSessionException : Invalid session or session Timeout. : Addr: $0076644B
clientAligment.exe: 00000980: 20:19:52 [TUniServerModule]:Server First Init.
clientAligment.exe: 00000980: 20:19:52 [TUniServerModule]:Erasing Cache Folder...
clientAligment.exe: 00000980: 20:19:52 [TUniServerModule]:Cache Folder Erased. <41> Files deleted.
clientAligment.exe: 00000980: 20:19:53 [TUniServerModule]:HTTP Server Started. Port: 8077
clientAligment.exe: 00002EA4: 20:19:54 [127.0.0.1]:EUniSessionException : Invalid session or session Timeout. : Addr: $0076644B
clientAligment.exe: 00002B30: 20:20:25 [TUniServerModule]:Server First Init.
clientAligment.exe: 00002B30: 20:20:25 [TUniServerModule]:Erasing Cache Folder...
clientAligment.exe: 00002B30: 20:20:25 [TUniServerModule]:Cache Folder Erased. <41> Files deleted.
clientAligment.exe: 00002B30: 20:20:25 [TUniServerModule]:HTTP Server Started. Port: 8077
clientAligment.exe: 00002B18: 20:20:39 [127.0.0.1]:EUniSessionException : Invalid session or session Timeout. : Addr: $0076644B
clientAligment.exe: 000029C0: 20:21:27 [TUniServerModule]:Server First Init.
clientAligment.exe: 000029C0: 20:21:27 [TUniServerModule]:Erasing Cache Folder...
clientAligment.exe: 000029C0: 20:21:27 [TUniServerModule]:Cache Folder Erased. <41> Files deleted.
clientAligment.exe: 000029C0: 20:21:27 [TUniServerModule]:HTTP Server Started. Port: 8077
clientAligment.exe: 00002FC0: 20:21:36 [127.0.0.1]:EUniSessionException : Invalid session or session Timeout. : Addr: $0076644B
clientAligment.exe: 00002D74: 20:23:01 [TUniServerModule]:Server First Init.
clientAligment.exe: 00002D74: 20:23:01 [TUniServerModule]:Erasing Cache Folder...
clientAligment.exe: 00002D74: 20:23:01 [TUniServerModule]:Cache Folder Erased. <41> Files deleted.
clientAligment.exe: 00002D74: 20:23:02 [TUniServerModule]:HTTP Server Started. Port: 8077
clientAligment.exe: 00002DB0: 20:23:03 [127.0.0.1]:EUniSessionException : Invalid session or session Timeout. : Addr: $0076644B
clientAligment.exe: 00002DBC: 20:23:29 [TUniServerModule]:Server First Init.
clientAligment.exe: 00002DBC: 20:23:29 [TUniServerModule]:Erasing Cache Folder...
clientAligment.exe: 00002DBC: 20:23:29 [TUniServerModule]:Cache Folder Erased. <41> Files deleted.
clientAligment.exe: 00002DBC: 20:23:29 [TUniServerModule]:HTTP Server Started. Port: 8077
clientAligment.exe: 00002E68: 20:23:34 [127.0.0.1]:EUniSessionException : Invalid session or session Timeout. : Addr: $0076644B
clientAligment.exe: 00002C94: 20:25:06 [TUniServerModule]:Server First Init.
clientAligment.exe: 00002C94: 20:25:06 [TUniServerModule]:Erasing Cache Folder...
clientAligment.exe: 00002C94: 20:25:06 [TUniServerModule]:Cache Folder Erased. <41> Files deleted.
clientAligment.exe: 00002C94: 20:25:06 [TUniServerModule]:HTTP Server Started. Port: 8077
clientAligment.exe: 00002BD4: 20:25:08 [127.0.0.1]:EUniSessionException : Invalid session or session Timeout. : Addr: $0076644B
clientAligment.exe: 000029FC: 20:27:00 [TUniServerModule]:Server First Init.
clientAligment.exe: 000029FC: 20:27:00 [TUniServerModule]:Erasing Cache Folder...
clientAligment.exe: 000029FC: 20:27:00 [TUniServerModule]:Cache Folder Erased. <41> Files deleted.
clientAligment.exe: 000029FC: 20:27:00 [TUniServerModule]:HTTP Server Started. Port: 8077
clientAligment.exe: 00001A84: 20:27:01 [127.0.0.1]:EUniSessionException : Invalid session or session Timeout. : Addr: $0076644B
clientAligment.exe: 00002CA0: 20:27:44 [TUniServerModule]:Server First Init.
clientAligment.exe: 00002CA0: 20:27:44 [TUniServerModule]:Erasing Cache Folder...
clientAligment.exe: 00002CA0: 20:27:44 [TUniServerModule]:Cache Folder Erased. <41> Files deleted.
clientAligment.exe: 00002CA0: 20:27:44 [TUniServerModule]:HTTP Server Started. Port: 8077
clientAligment.exe: 00002490: 20:27:45 [127.0.0.1]:EUniSessionException : Invalid session or session Timeout. : Addr: $0076644B
clientAligment.exe: 00001198: 20:28:10 [TUniServerModule]:Server First Init.
clientAligment.exe: 00001198: 20:28:10 [TUniServerModule]:Erasing Cache Folder...
clientAligment.exe: 00001198: 20:28:10 [TUniServerModule]:Cache Folder Erased. <41> Files deleted.
clientAligment.exe: 00001198: 20:28:11 [TUniServerModule]:HTTP Server Started. Port: 8077
clientAligment.exe: 00002E68: 20:28:14 [127.0.0.1]:EUniSessionException : Invalid session or session Timeout. : Addr: $0076644B
clientAligment.exe: 00002B28: 20:29:06 [TUniServerModule]:Server First Init.
clientAligment.exe: 00002B28: 20:29:06 [TUniServerModule]:Erasing Cache Folder...
clientAligment.exe: 00002B28: 20:29:06 [TUniServerModule]:Cache Folder Erased. <41> Files deleted.
clientAligment.exe: 00002B28: 20:29:06 [TUniServerModule]:HTTP Server Started. Port: 8077
clientAligment.exe: 00002F18: 20:29:10 [127.0.0.1]:EUniSessionException : Invalid session or session Timeout. : Addr: $0076644B
clientAligment.exe: 0000124C: 20:29:50 [TUniServerModule]:Server First Init.
clientAligment.exe: 0000124C: 20:29:50 [TUniServerModule]:Erasing Cache Folder...
clientAligment.exe: 0000124C: 20:29:50 [TUniServerModule]:Cache Folder Erased. <41> Files deleted.
clientAligment.exe: 0000124C: 20:29:51 [TUniServerModule]:HTTP Server Started. Port: 8077
clientAligment.exe: 00002BA8: 20:29:59 [127.0.0.1]:EUniSessionException : Invalid session or session Timeout. : Addr: $0076644B
clientAligment.exe: 000003A0: 20:30:58 [TUniServerModule]:Server First Init.
clientAligment.exe: 000003A0: 20:30:58 [TUniServerModule]:Erasing Cache Folder...
clientAligment.exe: 000003A0: 20:30:58 [TUniServerModule]:Cache Folder Erased. <41> Files deleted.
clientAligment.exe: 000003A0: 20:30:58 [TUniServerModule]:HTTP Server Started. Port: 8077
clientAligment.exe: 000027D4: 20:31:00 [127.0.0.1]:EUniSessionException : Invalid session or session Timeout. : Addr: $0076644B
clientAligment.exe: 00001870: 20:31:53 [TUniServerModule]:Server First Init.
clientAligment.exe: 00001870: 20:31:53 [TUniServerModule]:Erasing Cache Folder...
clientAligment.exe: 00001870: 20:31:53 [TUniServerModule]:Cache Folder Erased. <41> Files deleted.
clientAligment.exe: 00001870: 20:31:53 [TUniServerModule]:HTTP Server Started. Port: 8077
clientAligment.exe: 00002D60: 20:31:54 [127.0.0.1]:EUniSessionException : Invalid session or session Timeout. : Addr: $0076644B
clientAligment.exe: 00001F9C: 20:33:27 [TUniServerModule]:Server First Init.
clientAligment.exe: 00001F9C: 20:33:27 [TUniServerModule]:Erasing Cache Folder...
clientAligment.exe: 00001F9C: 20:33:27 [TUniServerModule]:Cache Folder Erased. <41> Files deleted.
clientAligment.exe: 00001F9C: 20:33:27 [TUniServerModule]:HTTP Server Started. Port: 8077
clientAligment.exe: 00002B1C: 20:33:28 [127.0.0.1]:EUniSessionException : Invalid session or session Timeout. : Addr: $0076644B
clientAligment.exe: 00000D88: 20:34:01 [TUniServerModule]:Server First Init.
clientAligment.exe: 00000D88: 20:34:01 [TUniServerModule]:Erasing Cache Folder...
clientAligment.exe: 00000D88: 20:34:01 [TUniServerModule]:Cache Folder Erased. <41> Files deleted.
clientAligment.exe: 00000D88: 20:34:01 [TUniServerModule]:HTTP Server Started. Port: 8077
clientAligment.exe: 00002FFC: 20:34:03 [127.0.0.1]:EUniSessionException : Invalid session or session Timeout. : Addr: $0076644B
clientAligment.exe: 00002D08: 20:35:19 [TUniServerModule]:Server First Init.
clientAligment.exe: 00002D08: 20:35:19 [TUniServerModule]:Erasing Cache Folder...
clientAligment.exe: 00002D08: 20:35:19 [TUniServerModule]:Cache Folder Erased. <41> Files deleted.
clientAligment.exe: 00002D08: 20:35:19 [TUniServerModule]:HTTP Server Started. Port: 8077
clientAligment.exe: 000004EC: 20:35:21 [127.0.0.1]:EUniSessionException : Invalid session or session Timeout. : Addr: $0076644B
clientAligment.exe: 00002714: 20:38:54 [TUniServerModule]:Server First Init.
clientAligment.exe: 00002714: 20:38:54 [TUniServerModule]:Erasing Cache Folder...
clientAligment.exe: 00002714: 20:38:54 [TUniServerModule]:Cache Folder Erased. <41> Files deleted.
clientAligment.exe: 00002714: 20:38:54 [TUniServerModule]:HTTP Server Started. Port: 8077
clientAligment.exe: 00002BFC: 20:38:57 [127.0.0.1]:EUniSessionException : Invalid session or session Timeout. : Addr: $0076644B
clientAligment.exe: 000019D8: 20:43:04 [TUniServerModule]:Server First Init.
clientAligment.exe: 000019D8: 20:43:04 [TUniServerModule]:Erasing Cache Folder...
clientAligment.exe: 000019D8: 20:43:04 [TUniServerModule]:Cache Folder Erased. <41> Files deleted.
clientAligment.exe: 000019D8: 20:43:04 [TUniServerModule]:HTTP Server Started. Port: 8077
clientAligment.exe: 00002CE0: 20:43:06 [127.0.0.1]:EUniSessionException : Invalid session or session Timeout. : Addr: $0076644B
