clientAligment.exe: 0000276C: 08:25:30 [TUniServerModule]:Server First Init.
clientAligment.exe: 0000276C: 08:25:30 [TUniServerModule]:Erasing Cache Folder...
clientAligment.exe: 0000276C: 08:25:30 [TUniServerModule]:Cache Folder Erased. <39> Files deleted.
clientAligment.exe: 0000276C: 08:25:31 [TUniServerModule]:HTTP Server Started. Port: 8077
clientAligment.exe: 000013C4: 08:25:32 [127.0.0.1]:EUniSessionException : Invalid session or session Timeout. : Addr: $0076644B
clientAligment.exe: 00003614: 08:59:27 [TUniServerModule]:Server First Init.
clientAligment.exe: 00003614: 08:59:27 [TUniServerModule]:Erasing Cache Folder...
clientAligment.exe: 00003614: 08:59:27 [TUniServerModule]:Cache Folder Erased. <19> Files deleted.
clientAligment.exe: 00003614: 08:59:27 [TUniServerModule]:HTTP Server Started. Port: 8077
clientAligment.exe: 000036FC: 08:59:31 [127.0.0.1]:EUniSessionException : Invalid session or session Timeout. : Addr: $0076644B
clientAligment.exe: 00003764: 09:14:06 [TUniServerModule]:Server First Init.
clientAligment.exe: 00003764: 09:14:06 [TUniServerModule]:Erasing Cache Folder...
clientAligment.exe: 00003764: 09:14:06 [TUniServerModule]:Cache Folder Erased. <39> Files deleted.
clientAligment.exe: 00003764: 09:14:06 [TUniServerModule]:HTTP Server Started. Port: 8077
clientAligment.exe: 000034C4: 09:14:10 [127.0.0.1]:EUniSessionException : Invalid session or session Timeout. : Addr: $0076644B
clientAligment.exe: 0000382C: 09:14:54 [TUniServerModule]:Server First Init.
clientAligment.exe: 0000382C: 09:14:54 [TUniServerModule]:Erasing Cache Folder...
clientAligment.exe: 0000382C: 09:14:54 [TUniServerModule]:Cache Folder Erased. <39> Files deleted.
clientAligment.exe: 0000382C: 09:14:54 [TUniServerModule]:HTTP Server Started. Port: 8077
clientAligment.exe: 000023B4: 09:15:39 [TUniServerModule]:Server First Init.
clientAligment.exe: 000023B4: 09:15:39 [TUniServerModule]:Erasing Cache Folder...
clientAligment.exe: 000023B4: 09:15:39 [TUniServerModule]:Cache Folder Erased. <39> Files deleted.
clientAligment.exe: 000023B4: 09:15:39 [TUniServerModule]:HTTP Server Started. Port: 8077
clientAligment.exe: 00003780: 09:20:50 [TUniServerModule]:Server First Init.
clientAligment.exe: 00003780: 09:20:50 [TUniServerModule]:Erasing Cache Folder...
clientAligment.exe: 00003780: 09:20:50 [TUniServerModule]:Cache Folder Erased. <39> Files deleted.
clientAligment.exe: 00003780: 09:20:50 [TUniServerModule]:HTTP Server Started. Port: 8077
clientAligment.exe: 000038B4: 09:21:02 [127.0.0.1]:EUniSessionException : Invalid session or session Timeout. : Addr: $0076644B
clientAligment.exe: 00003624: 09:21:44 [TUniServerModule]:Server First Init.
clientAligment.exe: 00003624: 09:21:44 [TUniServerModule]:Erasing Cache Folder...
clientAligment.exe: 00003624: 09:21:44 [TUniServerModule]:Cache Folder Erased. <39> Files deleted.
clientAligment.exe: 00003624: 09:21:44 [TUniServerModule]:HTTP Server Started. Port: 8077
clientAligment.exe: 00003664: 09:22:13 [TUniServerModule]:Server First Init.
clientAligment.exe: 00003664: 09:22:13 [TUniServerModule]:Erasing Cache Folder...
clientAligment.exe: 00003664: 09:22:13 [TUniServerModule]:Cache Folder Erased. <0> Files deleted.
clientAligment.exe: 00003664: 09:22:13 [TUniServerModule]:HTTP Server Started. Port: 8077
clientAligment.exe: 00003234: 09:22:16 [127.0.0.1]:EUniSessionException : Invalid session or session Timeout. : Addr: $0076644B
clientAligment.exe: 00003AA0: 09:23:33 [TUniServerModule]:Server First Init.
clientAligment.exe: 00003AA0: 09:23:33 [TUniServerModule]:Erasing Cache Folder...
clientAligment.exe: 00003AA0: 09:23:33 [TUniServerModule]:Cache Folder Erased. <39> Files deleted.
clientAligment.exe: 00003AA0: 09:23:33 [TUniServerModule]:HTTP Server Started. Port: 8077
clientAligment.exe: 00003298: 09:24:37 [TUniServerModule]:Server First Init.
clientAligment.exe: 00003298: 09:24:37 [TUniServerModule]:Erasing Cache Folder...
clientAligment.exe: 00003298: 09:24:37 [TUniServerModule]:Cache Folder Erased. <39> Files deleted.
clientAligment.exe: 00003298: 09:24:38 [TUniServerModule]:HTTP Server Started. Port: 8077
clientAligment.exe: 0000202C: 09:24:38 [127.0.0.1]:EUniSessionException : Invalid session or session Timeout. : Addr: $0076644B
clientAligment.exe: 000034C4: 09:26:01 [TUniServerModule]:Server First Init.
clientAligment.exe: 000034C4: 09:26:01 [TUniServerModule]:Erasing Cache Folder...
clientAligment.exe: 000034C4: 09:26:01 [TUniServerModule]:Cache Folder Erased. <39> Files deleted.
clientAligment.exe: 000034C4: 09:26:01 [TUniServerModule]:HTTP Server Started. Port: 8077
clientAligment.exe: 00001854: 09:26:03 [127.0.0.1]:EUniSessionException : Invalid session or session Timeout. : Addr: $0076644B
clientAligment.exe: 00003660: 09:26:47 [TUniServerModule]:Server First Init.
clientAligment.exe: 00003660: 09:26:47 [TUniServerModule]:Erasing Cache Folder...
clientAligment.exe: 00003660: 09:26:47 [TUniServerModule]:Cache Folder Erased. <39> Files deleted.
clientAligment.exe: 00003660: 09:26:47 [TUniServerModule]:HTTP Server Started. Port: 8077
clientAligment.exe: 000026D0: 09:26:48 [127.0.0.1]:EUniSessionException : Invalid session or session Timeout. : Addr: $0076644B
clientAligment.exe: 00003928: 09:33:35 [TUniServerModule]:Server First Init.
clientAligment.exe: 00003928: 09:33:35 [TUniServerModule]:Erasing Cache Folder...
clientAligment.exe: 00003928: 09:33:35 [TUniServerModule]:Cache Folder Erased. <39> Files deleted.
clientAligment.exe: 00003928: 09:33:35 [TUniServerModule]:HTTP Server Started. Port: 8077
clientAligment.exe: 000039B0: 09:33:38 [127.0.0.1]:EUniSessionException : Invalid session or session Timeout. : Addr: $0076644B
clientAligment.exe: 00003024: 09:34:16 [TUniServerModule]:Server First Init.
clientAligment.exe: 00003024: 09:34:16 [TUniServerModule]:Erasing Cache Folder...
clientAligment.exe: 00003024: 09:34:16 [TUniServerModule]:Cache Folder Erased. <39> Files deleted.
clientAligment.exe: 00003024: 09:34:16 [TUniServerModule]:HTTP Server Started. Port: 8077
clientAligment.exe: 000036F8: 09:34:21 [127.0.0.1]:EUniSessionException : Invalid session or session Timeout. : Addr: $0076644B
clientAligment.exe: 00001F20: 09:35:38 [TUniServerModule]:Server First Init.
clientAligment.exe: 00001F20: 09:35:38 [TUniServerModule]:Erasing Cache Folder...
clientAligment.exe: 00001F20: 09:35:38 [TUniServerModule]:Cache Folder Erased. <39> Files deleted.
clientAligment.exe: 00001F20: 09:35:38 [TUniServerModule]:HTTP Server Started. Port: 8077
clientAligment.exe: 0000315C: 09:35:40 [127.0.0.1]:EUniSessionException : Invalid session or session Timeout. : Addr: $0076644B
clientAligment.exe: 00003B40: 09:54:43 [TUniServerModule]:Server First Init.
clientAligment.exe: 00003B40: 09:54:43 [TUniServerModule]:Erasing Cache Folder...
clientAligment.exe: 00003B40: 09:54:43 [TUniServerModule]:Cache Folder Erased. <39> Files deleted.
clientAligment.exe: 00003B40: 09:54:43 [TUniServerModule]:HTTP Server Started. Port: 8077
clientAligment.exe: 000005F0: 09:54:47 [127.0.0.1]:EUniSessionException : Invalid session or session Timeout. : Addr: $0076644B
clientAligment.exe: 00002FB0: 09:55:39 [TUniServerModule]:Server First Init.
clientAligment.exe: 00002FB0: 09:55:39 [TUniServerModule]:Erasing Cache Folder...
clientAligment.exe: 00002FB0: 09:55:39 [TUniServerModule]:Cache Folder Erased. <39> Files deleted.
clientAligment.exe: 00002FB0: 09:55:39 [TUniServerModule]:HTTP Server Started. Port: 8077
clientAligment.exe: 00003A64: 09:55:44 [127.0.0.1]:EUniSessionException : Invalid session or session Timeout. : Addr: $0076644B
clientAligment.exe: 00003234: 10:01:29 [TUniServerModule]:Server First Init.
clientAligment.exe: 00003234: 10:01:29 [TUniServerModule]:Erasing Cache Folder...
clientAligment.exe: 00003234: 10:01:29 [TUniServerModule]:Cache Folder Erased. <39> Files deleted.
clientAligment.exe: 00003234: 10:01:29 [TUniServerModule]:HTTP Server Started. Port: 8077
clientAligment.exe: 000028C0: 10:01:31 [127.0.0.1]:EUniSessionException : Invalid session or session Timeout. : Addr: $0076644B
clientAligment.exe: 00004038: 17:40:42 [TUniServerModule]:Server First Init.
clientAligment.exe: 00004038: 17:40:42 [TUniServerModule]:Erasing Cache Folder...
clientAligment.exe: 00004038: 17:40:42 [TUniServerModule]:Cache Folder Erased. <39> Files deleted.
clientAligment.exe: 00004038: 17:40:42 [TUniServerModule]:HTTP Server Started. Port: 8077
clientAligment.exe: 00003F44: 17:42:35 [TUniServerModule]:Server First Init.
clientAligment.exe: 00003F44: 17:42:35 [TUniServerModule]:Erasing Cache Folder...
clientAligment.exe: 00003F44: 17:42:35 [TUniServerModule]:Cache Folder Erased. <39> Files deleted.
clientAligment.exe: 00003F44: 17:42:36 [TUniServerModule]:HTTP Server Started. Port: 8077
clientAligment.exe: 00003DB8: 17:42:37 [127.0.0.1]:EUniSessionException : Invalid session or session Timeout. : Addr: $0076644B
clientAligment.exe: 00003CAC: 17:43:52 [TUniServerModule]:Server First Init.
clientAligment.exe: 00003CAC: 17:43:52 [TUniServerModule]:Erasing Cache Folder...
clientAligment.exe: 00003CAC: 17:43:52 [TUniServerModule]:Cache Folder Erased. <39> Files deleted.
clientAligment.exe: 00003CAC: 17:43:52 [TUniServerModule]:HTTP Server Started. Port: 8077
clientAligment.exe: 000035A0: 17:43:53 [127.0.0.1]:EUniSessionException : Invalid session or session Timeout. : Addr: $0076644B
clientAligment.exe: 000041A4: 17:45:23 [TUniServerModule]:Server First Init.
clientAligment.exe: 000041A4: 17:45:23 [TUniServerModule]:Erasing Cache Folder...
clientAligment.exe: 000041A4: 17:45:23 [TUniServerModule]:Cache Folder Erased. <39> Files deleted.
clientAligment.exe: 000041A4: 17:45:23 [TUniServerModule]:HTTP Server Started. Port: 8077
clientAligment.exe: 00003CDC: 17:45:24 [127.0.0.1]:EUniSessionException : Invalid session or session Timeout. : Addr: $0076644B
clientAligment.exe: 00003D98: 17:48:09 [TUniServerModule]:Server First Init.
clientAligment.exe: 00003D98: 17:48:09 [TUniServerModule]:Erasing Cache Folder...
clientAligment.exe: 00003D98: 17:48:09 [TUniServerModule]:Cache Folder Erased. <39> Files deleted.
clientAligment.exe: 00003D98: 17:48:09 [TUniServerModule]:HTTP Server Started. Port: 8077
clientAligment.exe: 00004204: 17:48:16 [127.0.0.1]:EUniSessionException : Invalid session or session Timeout. : Addr: $0076644B
clientAligment.exe: 00003C88: 17:52:58 [TUniServerModule]:Server First Init.
clientAligment.exe: 00003C88: 17:52:58 [TUniServerModule]:Erasing Cache Folder...
clientAligment.exe: 00003C88: 17:52:58 [TUniServerModule]:Cache Folder Erased. <39> Files deleted.
clientAligment.exe: 00003C88: 17:52:58 [TUniServerModule]:HTTP Server Started. Port: 8077
clientAligment.exe: 00004390: 17:52:59 [127.0.0.1]:EUniSessionException : Invalid session or session Timeout. : Addr: $0076644B
clientAligment.exe: 00004308: 17:53:31 [TUniServerModule]:Server First Init.
clientAligment.exe: 00004308: 17:53:31 [TUniServerModule]:Erasing Cache Folder...
clientAligment.exe: 00004308: 17:53:31 [TUniServerModule]:Cache Folder Erased. <39> Files deleted.
clientAligment.exe: 00004308: 17:53:31 [TUniServerModule]:HTTP Server Started. Port: 8077
clientAligment.exe: 00003A84: 17:53:32 [127.0.0.1]:EUniSessionException : Invalid session or session Timeout. : Addr: $0076644B
clientAligment.exe: 000042E8: 17:54:03 [TUniServerModule]:Server First Init.
clientAligment.exe: 000042E8: 17:54:03 [TUniServerModule]:Erasing Cache Folder...
clientAligment.exe: 000042E8: 17:54:03 [TUniServerModule]:Cache Folder Erased. <39> Files deleted.
clientAligment.exe: 000042E8: 17:54:03 [TUniServerModule]:HTTP Server Started. Port: 8077
clientAligment.exe: 00003C38: 17:54:06 [127.0.0.1]:EUniSessionException : Invalid session or session Timeout. : Addr: $0076644B
clientAligment.exe: 00002B7C: 17:54:40 [TUniServerModule]:Server First Init.
clientAligment.exe: 00002B7C: 17:54:40 [TUniServerModule]:Erasing Cache Folder...
clientAligment.exe: 00002B7C: 17:54:40 [TUniServerModule]:Cache Folder Erased. <39> Files deleted.
clientAligment.exe: 00002B7C: 17:54:41 [TUniServerModule]:HTTP Server Started. Port: 8077
clientAligment.exe: 00004138: 17:54:42 [127.0.0.1]:EUniSessionException : Invalid session or session Timeout. : Addr: $0076644B
clientAligment.exe: 00003FFC: 17:56:13 [TUniServerModule]:Server First Init.
clientAligment.exe: 00003FFC: 17:56:13 [TUniServerModule]:Erasing Cache Folder...
clientAligment.exe: 00003FFC: 17:56:13 [TUniServerModule]:Cache Folder Erased. <39> Files deleted.
clientAligment.exe: 00003FFC: 17:56:13 [TUniServerModule]:HTTP Server Started. Port: 8077
clientAligment.exe: 00004398: 17:56:15 [127.0.0.1]:EUniSessionException : Invalid session or session Timeout. : Addr: $0076644B
clientAligment.exe: 00003D60: 17:57:41 [TUniServerModule]:Server First Init.
clientAligment.exe: 00003D60: 17:57:41 [TUniServerModule]:Erasing Cache Folder...
clientAligment.exe: 00003D60: 17:57:41 [TUniServerModule]:Cache Folder Erased. <39> Files deleted.
clientAligment.exe: 00003D60: 17:57:41 [TUniServerModule]:HTTP Server Started. Port: 8077
clientAligment.exe: 00003D80: 17:57:45 [127.0.0.1]:EUniSessionException : Invalid session or session Timeout. : Addr: $0076644B
clientAligment.exe: 00003C5C: 17:58:42 [TUniServerModule]:Server First Init.
clientAligment.exe: 00003C5C: 17:58:42 [TUniServerModule]:Erasing Cache Folder...
clientAligment.exe: 00003C5C: 17:58:42 [TUniServerModule]:Cache Folder Erased. <39> Files deleted.
clientAligment.exe: 00003C5C: 17:58:42 [TUniServerModule]:HTTP Server Started. Port: 8077
clientAligment.exe: 00003C70: 17:58:44 [127.0.0.1]:EUniSessionException : Invalid session or session Timeout. : Addr: $0076644B
clientAligment.exe: 00003D10: 17:59:53 [TUniServerModule]:Server First Init.
clientAligment.exe: 00003D10: 17:59:53 [TUniServerModule]:Erasing Cache Folder...
clientAligment.exe: 00003D10: 17:59:53 [TUniServerModule]:Cache Folder Erased. <39> Files deleted.
clientAligment.exe: 00003D10: 17:59:53 [TUniServerModule]:HTTP Server Started. Port: 8077
clientAligment.exe: 00003CB8: 17:59:55 [127.0.0.1]:EUniSessionException : Invalid session or session Timeout. : Addr: $0076644B
clientAligment.exe: 00003A9C: 18:03:07 [TUniServerModule]:Server First Init.
clientAligment.exe: 00003A9C: 18:03:07 [TUniServerModule]:Erasing Cache Folder...
clientAligment.exe: 00003A9C: 18:03:07 [TUniServerModule]:Cache Folder Erased. <39> Files deleted.
clientAligment.exe: 00003A9C: 18:03:07 [TUniServerModule]:HTTP Server Started. Port: 8077
clientAligment.exe: 000018F0: 18:03:10 [127.0.0.1]:EUniSessionException : Invalid session or session Timeout. : Addr: $0076644B
clientAligment.exe: 00004384: 18:04:42 [TUniServerModule]:Server First Init.
clientAligment.exe: 00004384: 18:04:42 [TUniServerModule]:Erasing Cache Folder...
clientAligment.exe: 00004384: 18:04:42 [TUniServerModule]:Cache Folder Erased. <39> Files deleted.
clientAligment.exe: 00004384: 18:04:42 [TUniServerModule]:HTTP Server Started. Port: 8077
clientAligment.exe: 00004184: 18:04:44 [127.0.0.1]:EUniSessionException : Invalid session or session Timeout. : Addr: $0076644B
clientAligment.exe: 00003AA4: 18:06:01 [TUniServerModule]:Server First Init.
clientAligment.exe: 00003AA4: 18:06:01 [TUniServerModule]:Erasing Cache Folder...
clientAligment.exe: 00003AA4: 18:06:01 [TUniServerModule]:Cache Folder Erased. <39> Files deleted.
clientAligment.exe: 00003AA4: 18:06:01 [TUniServerModule]:HTTP Server Started. Port: 8077
clientAligment.exe: 0000355C: 18:06:04 [127.0.0.1]:EUniSessionException : Invalid session or session Timeout. : Addr: $0076644B
clientAligment.exe: 00003F00: 20:15:53 [TUniServerModule]:Server First Init.
clientAligment.exe: 00003F00: 20:15:53 [TUniServerModule]:Erasing Cache Folder...
clientAligment.exe: 00003F00: 20:15:53 [TUniServerModule]:Cache Folder Erased. <39> Files deleted.
clientAligment.exe: 00003F00: 20:15:53 [TUniServerModule]:HTTP Server Started. Port: 8077
clientAligment.exe: 0000285C: 20:15:58 [127.0.0.1]:EUniSessionException : Invalid session or session Timeout. : Addr: $0076644B
clientAligment.exe: 00003A50: 20:16:25 [TUniServerModule]:Server First Init.
clientAligment.exe: 00003A50: 20:16:25 [TUniServerModule]:Erasing Cache Folder...
clientAligment.exe: 00003A50: 20:16:25 [TUniServerModule]:Cache Folder Erased. <39> Files deleted.
clientAligment.exe: 00003A50: 20:16:25 [TUniServerModule]:HTTP Server Started. Port: 8077
clientAligment.exe: 00004164: 20:16:28 [127.0.0.1]:EUniSessionException : Invalid session or session Timeout. : Addr: $0076644B
clientAligment.exe: 0000438C: 20:16:55 [TUniServerModule]:Server First Init.
clientAligment.exe: 0000438C: 20:16:55 [TUniServerModule]:Erasing Cache Folder...
clientAligment.exe: 0000438C: 20:16:55 [TUniServerModule]:Cache Folder Erased. <39> Files deleted.
clientAligment.exe: 0000438C: 20:16:55 [TUniServerModule]:HTTP Server Started. Port: 8077
clientAligment.exe: 000016A8: 20:17:18 [127.0.0.1]:EUniSessionException : Invalid session or session Timeout. : Addr: $0076644B
clientAligment.exe: 0000410C: 20:21:07 [TUniServerModule]:Server First Init.
clientAligment.exe: 0000410C: 20:21:07 [TUniServerModule]:Erasing Cache Folder...
clientAligment.exe: 0000410C: 20:21:08 [TUniServerModule]:Cache Folder Erased. <39> Files deleted.
clientAligment.exe: 0000410C: 20:21:08 [TUniServerModule]:HTTP Server Started. Port: 8077
clientAligment.exe: 00003EE8: 20:21:13 [127.0.0.1]:EUniSessionException : Invalid session or session Timeout. : Addr: $0076644B
clientAligment.exe: 00004294: 20:25:15 [TUniServerModule]:Server First Init.
clientAligment.exe: 00004294: 20:25:15 [TUniServerModule]:Erasing Cache Folder...
clientAligment.exe: 00004294: 20:25:15 [TUniServerModule]:Cache Folder Erased. <39> Files deleted.
clientAligment.exe: 00004294: 20:25:15 [TUniServerModule]:HTTP Server Started. Port: 8077
clientAligment.exe: 00003ED8: 20:25:17 [127.0.0.1]:EUniSessionException : Invalid session or session Timeout. : Addr: $0076644B
clientAligment.exe: 00003BF8: 21:10:12 [127.0.0.1]:EUniSessionException : Invalid session or session Timeout. : Addr: $0076644B
clientAligment.exe: 00003FEC: 21:18:37 [TUniServerModule]:Server First Init.
clientAligment.exe: 00003FEC: 21:18:37 [TUniServerModule]:Erasing Cache Folder...
clientAligment.exe: 00003FEC: 21:18:37 [TUniServerModule]:Cache Folder Erased. <39> Files deleted.
clientAligment.exe: 00003FEC: 21:18:38 [TUniServerModule]:HTTP Server Started. Port: 8077
clientAligment.exe: 00001BE4: 21:18:54 [127.0.0.1]:EUniSessionException : Invalid session or session Timeout. : Addr: $0076644B
clientAligment.exe: 000042E4: 21:20:44 [TUniServerModule]:Server First Init.
clientAligment.exe: 000042E4: 21:20:44 [TUniServerModule]:Erasing Cache Folder...
clientAligment.exe: 000042E4: 21:20:44 [TUniServerModule]:Cache Folder Erased. <39> Files deleted.
clientAligment.exe: 000042E4: 21:20:44 [TUniServerModule]:HTTP Server Started. Port: 8077
clientAligment.exe: 00003F90: 21:21:01 [127.0.0.1]:EUniSessionException : Invalid session or session Timeout. : Addr: $0076644B
clientAligment.exe: 00003B48: 21:21:37 [TUniServerModule]:Server First Init.
clientAligment.exe: 00003B48: 21:21:37 [TUniServerModule]:Erasing Cache Folder...
clientAligment.exe: 00003B48: 21:21:37 [TUniServerModule]:Cache Folder Erased. <39> Files deleted.
clientAligment.exe: 00003B48: 21:21:37 [TUniServerModule]:HTTP Server Started. Port: 8077
clientAligment.exe: 00004300: 21:21:39 [127.0.0.1]:EUniSessionException : Invalid session or session Timeout. : Addr: $0076644B
clientAligment.exe: 0000225C: 21:22:49 [TUniServerModule]:Server First Init.
clientAligment.exe: 0000225C: 21:22:49 [TUniServerModule]:Erasing Cache Folder...
clientAligment.exe: 0000225C: 21:22:49 [TUniServerModule]:Cache Folder Erased. <39> Files deleted.
clientAligment.exe: 0000225C: 21:22:49 [TUniServerModule]:HTTP Server Started. Port: 8077
clientAligment.exe: 00003D8C: 21:22:52 [127.0.0.1]:EUniSessionException : Invalid session or session Timeout. : Addr: $0076644B
clientAligment.exe: 0000268C: 21:25:16 [TUniServerModule]:Server First Init.
clientAligment.exe: 0000268C: 21:25:16 [TUniServerModule]:Erasing Cache Folder...
clientAligment.exe: 0000268C: 21:25:16 [TUniServerModule]:Cache Folder Erased. <39> Files deleted.
clientAligment.exe: 0000268C: 21:25:17 [TUniServerModule]:HTTP Server Started. Port: 8077
clientAligment.exe: 00004070: 21:25:18 [127.0.0.1]:EUniSessionException : Invalid session or session Timeout. : Addr: $0076644B
clientAligment.exe: 0000285C: 21:25:47 [TUniServerModule]:Server First Init.
clientAligment.exe: 0000285C: 21:25:47 [TUniServerModule]:Erasing Cache Folder...
clientAligment.exe: 0000285C: 21:25:47 [TUniServerModule]:Cache Folder Erased. <39> Files deleted.
clientAligment.exe: 0000285C: 21:25:47 [TUniServerModule]:HTTP Server Started. Port: 8077
clientAligment.exe: 00003698: 21:25:50 [127.0.0.1]:EUniSessionException : Invalid session or session Timeout. : Addr: $0076644B
clientAligment.exe: 000040E0: 21:26:54 [TUniServerModule]:Server First Init.
clientAligment.exe: 000040E0: 21:26:54 [TUniServerModule]:Erasing Cache Folder...
clientAligment.exe: 000040E0: 21:26:54 [TUniServerModule]:Cache Folder Erased. <39> Files deleted.
clientAligment.exe: 000040E0: 21:26:54 [TUniServerModule]:HTTP Server Started. Port: 8077
clientAligment.exe: 00002398: 21:26:56 [127.0.0.1]:EUniSessionException : Invalid session or session Timeout. : Addr: $0076644B
clientAligment.exe: 00004024: 21:27:58 [TUniServerModule]:Server First Init.
clientAligment.exe: 00004024: 21:27:58 [TUniServerModule]:Erasing Cache Folder...
clientAligment.exe: 00004024: 21:27:58 [TUniServerModule]:Cache Folder Erased. <39> Files deleted.
clientAligment.exe: 00004024: 21:27:58 [TUniServerModule]:HTTP Server Started. Port: 8077
clientAligment.exe: 00004300: 21:28:13 [127.0.0.1]:EUniSessionException : Invalid session or session Timeout. : Addr: $0076644B
clientAligment.exe: 000025EC: 21:31:23 [TUniServerModule]:Server First Init.
clientAligment.exe: 000025EC: 21:31:23 [TUniServerModule]:Erasing Cache Folder...
clientAligment.exe: 000025EC: 21:31:24 [TUniServerModule]:Cache Folder Erased. <39> Files deleted.
clientAligment.exe: 000025EC: 21:31:24 [TUniServerModule]:HTTP Server Started. Port: 8077
clientAligment.exe: 00003CD8: 21:31:33 [127.0.0.1]:EUniSessionException : Invalid session or session Timeout. : Addr: $0076644B
clientAligment.exe: 00000608: 21:33:15 [TUniServerModule]:Server First Init.
clientAligment.exe: 00000608: 21:33:15 [TUniServerModule]:Erasing Cache Folder...
clientAligment.exe: 00000608: 21:33:15 [TUniServerModule]:Cache Folder Erased. <39> Files deleted.
clientAligment.exe: 00000608: 21:33:15 [TUniServerModule]:HTTP Server Started. Port: 8077
clientAligment.exe: 000037FC: 21:33:17 [127.0.0.1]:EUniSessionException : Invalid session or session Timeout. : Addr: $0076644B
clientAligment.exe: 00004048: 21:49:59 [TUniServerModule]:Server First Init.
clientAligment.exe: 00004048: 21:49:59 [TUniServerModule]:Erasing Cache Folder...
clientAligment.exe: 00004048: 21:49:59 [TUniServerModule]:Cache Folder Erased. <39> Files deleted.
clientAligment.exe: 00004048: 21:49:59 [TUniServerModule]:HTTP Server Started. Port: 8077
clientAligment.exe: 00003C84: 21:50:02 [127.0.0.1]:EUniSessionException : Invalid session or session Timeout. : Addr: $0076644B
clientAligment.exe: 00003B5C: 22:01:30 [TUniServerModule]:Server First Init.
clientAligment.exe: 00003B5C: 22:01:30 [TUniServerModule]:Erasing Cache Folder...
clientAligment.exe: 00003B5C: 22:01:30 [TUniServerModule]:Cache Folder Erased. <39> Files deleted.
clientAligment.exe: 00003B5C: 22:01:30 [TUniServerModule]:HTTP Server Started. Port: 8077
clientAligment.exe: 00003DE4: 22:01:31 [127.0.0.1]:EUniSessionException : Invalid session or session Timeout. : Addr: $0076644B
clientAligment.exe: 00001104: 22:05:25 [TUniServerModule]:Server First Init.
clientAligment.exe: 00001104: 22:05:25 [TUniServerModule]:Erasing Cache Folder...
clientAligment.exe: 00001104: 22:05:25 [TUniServerModule]:Cache Folder Erased. <39> Files deleted.
clientAligment.exe: 00001104: 22:05:26 [TUniServerModule]:HTTP Server Started. Port: 8077
clientAligment.exe: 00004118: 22:05:27 [127.0.0.1]:EUniSessionException : Invalid session or session Timeout. : Addr: $0076644B
clientAligment.exe: 00003B8C: 22:05:56 [TUniServerModule]:Server First Init.
clientAligment.exe: 00003B8C: 22:05:56 [TUniServerModule]:Erasing Cache Folder...
clientAligment.exe: 00003B8C: 22:05:56 [TUniServerModule]:Cache Folder Erased. <40> Files deleted.
clientAligment.exe: 00003B8C: 22:05:56 [TUniServerModule]:HTTP Server Started. Port: 8077
clientAligment.exe: 000034CC: 22:05:57 [127.0.0.1]:EUniSessionException : Invalid session or session Timeout. : Addr: $0076644B
clientAligment.exe: 00004220: 22:06:49 [TUniServerModule]:Server First Init.
clientAligment.exe: 00004220: 22:06:49 [TUniServerModule]:Erasing Cache Folder...
clientAligment.exe: 00004220: 22:06:49 [TUniServerModule]:Cache Folder Erased. <39> Files deleted.
clientAligment.exe: 00004220: 22:06:49 [TUniServerModule]:HTTP Server Started. Port: 8077
clientAligment.exe: 00003F28: 22:06:50 [127.0.0.1]:EUniSessionException : Invalid session or session Timeout. : Addr: $0076644B
clientAligment.exe: 00004354: 22:07:28 [TUniServerModule]:Server First Init.
clientAligment.exe: 00004354: 22:07:28 [TUniServerModule]:Erasing Cache Folder...
clientAligment.exe: 00004354: 22:07:28 [TUniServerModule]:Cache Folder Erased. <39> Files deleted.
clientAligment.exe: 00004354: 22:07:28 [TUniServerModule]:HTTP Server Started. Port: 8077
clientAligment.exe: 00003698: 22:07:31 [127.0.0.1]:EUniSessionException : Invalid session or session Timeout. : Addr: $0076644B
clientAligment.exe: 0000305C: 22:08:56 [TUniServerModule]:Server First Init.
clientAligment.exe: 0000305C: 22:08:56 [TUniServerModule]:Erasing Cache Folder...
clientAligment.exe: 0000305C: 22:08:56 [TUniServerModule]:Cache Folder Erased. <39> Files deleted.
clientAligment.exe: 0000305C: 22:08:56 [TUniServerModule]:HTTP Server Started. Port: 8077
clientAligment.exe: 00002384: 22:08:58 [127.0.0.1]:EUniSessionException : Invalid session or session Timeout. : Addr: $0076644B
clientAligment.exe: 000040D8: 22:22:25 [TUniServerModule]:Server First Init.
clientAligment.exe: 000040D8: 22:22:25 [TUniServerModule]:Erasing Cache Folder...
clientAligment.exe: 000040D8: 22:22:26 [TUniServerModule]:Cache Folder Erased. <19> Files deleted.
clientAligment.exe: 000040D8: 22:22:26 [TUniServerModule]:HTTP Server Started. Port: 8077
clientAligment.exe: 000021D4: 22:23:13 [127.0.0.1]:EUniSessionException : Invalid session or session Timeout. : Addr: $0076644B
clientAligment.exe: 00002384: 22:26:45 [TUniServerModule]:Server First Init.
clientAligment.exe: 00002384: 22:26:45 [TUniServerModule]:Erasing Cache Folder...
clientAligment.exe: 00002384: 22:26:46 [TUniServerModule]:Cache Folder Erased. <39> Files deleted.
clientAligment.exe: 00002384: 22:26:46 [TUniServerModule]:HTTP Server Started. Port: 8077
clientAligment.exe: 00003E24: 22:28:08 [TUniServerModule]:Server First Init.
clientAligment.exe: 00003E24: 22:28:08 [TUniServerModule]:Erasing Cache Folder...
clientAligment.exe: 00003E24: 22:28:08 [TUniServerModule]:Cache Folder Erased. <39> Files deleted.
clientAligment.exe: 00003E24: 22:28:08 [TUniServerModule]:HTTP Server Started. Port: 8077
clientAligment.exe: 000037B8: 22:28:11 [127.0.0.1]:EUniSessionException : Invalid session or session Timeout. : Addr: $0076644B
clientAligment.exe: 00003B44: 22:29:40 [TUniServerModule]:Server First Init.
clientAligment.exe: 00003B44: 22:29:40 [TUniServerModule]:Erasing Cache Folder...
clientAligment.exe: 00003B44: 22:29:40 [TUniServerModule]:Cache Folder Erased. <39> Files deleted.
clientAligment.exe: 00003B44: 22:29:40 [TUniServerModule]:HTTP Server Started. Port: 8077
clientAligment.exe: 00003544: 22:30:06 [127.0.0.1]:EUniSessionException : Invalid session or session Timeout. : Addr: $0076644B
